<?xml version="1.0" encoding="UTF-8"?>
<!-- Generated by org.testng.reporters.JUnitReportReporter -->
<testsuite hostname="DESKTOP-CNG7FHC" failures="0" tests="2" name="pomdesign.WebOrdersLoginTests" time="1.968" errors="0" timestamp="10 Jul 2018 22:59:18 GMT" skipped="0">
  <testcase classname="pomdesign.WebOrdersLoginTests" name="invalidLoginTest" time="1.151"/>
  <testcase classname="pomdesign.WebOrdersLoginTests" name="positiveLoginTest" time="0.817"/>
</testsuite> <!-- pomdesign.WebOrdersLoginTests -->
