<?xml version="1.0" encoding="UTF-8"?>
<!-- Generated by org.testng.reporters.JUnitReportReporter -->
<testsuite hostname="DESKTOP-CNG7FHC" failures="0" tests="1" name="pomdesign.AllProductsTests" time="1.302" errors="0" timestamp="11 Jul 2018 00:28:01 GMT" skipped="0">
  <testcase classname="pomdesign.AllProductsTests" name="labelsVerification" time="1.302"/>
</testsuite> <!-- pomdesign.AllProductsTests -->
