<?xml version="1.0" encoding="UTF-8"?>
<!-- Generated by org.testng.reporters.JUnitReportReporter -->
<testsuite hostname="DESKTOP-CNG7FHC" failures="0" tests="1" name="pomdesign.ViewAllOrdersTests" time="2.670" errors="0" timestamp="11 Jul 2018 00:04:34 GMT" skipped="0">
  <testcase classname="pomdesign.ViewAllOrdersTests" name="labelsVerification" time="2.670"/>
</testsuite> <!-- pomdesign.ViewAllOrdersTests -->
