<?xml version="1.0" encoding="UTF-8"?>
<!-- Generated by org.testng.reporters.JUnitReportReporter -->
<testsuite hostname="DESKTOP-CNG7FHC" failures="0" tests="2" name="pomdesign.AllProductsTests" time="3.687" errors="0" timestamp="12 Jul 2018 01:14:16 GMT" skipped="0">
  <testcase classname="pomdesign.AllProductsTests" name="availableProductsTest" time="2.313"/>
  <testcase classname="pomdesign.AllProductsTests" name="labelsVerification" time="1.374"/>
</testsuite> <!-- pomdesign.AllProductsTests -->
